2019-01-25T17:34:31,882|INFO|9188|main|[com.apimastery.logging.LoggerFactory.initLoggerFactory(): Using Log4j2 for logging]
2019-01-25T17:34:31,889|INFO|9188|main|[+--------------------------+]
2019-01-25T17:34:31,889|INFO|9188|main|[| A P I  S i m u l a t o r |]
2019-01-25T17:34:31,889|INFO|9188|main|[+--------------------------+]
2019-01-25T17:34:31,890|INFO|9188|main|[com.apisimulator.launcher.AbstractLaunchable.init(String[] args): initialization in progress...]
2019-01-25T17:34:31,890|INFO|9188|main|[com.apisimulator.launcher.AbstractLaunchable.init(String[] args): {java version:"1.8.0_111-b14", jvm name:"Java HotSpot(TM) 64-Bit Server VM", jvm version:"25.111-b14", jvm pid:9188}]
2019-01-25T17:34:31,890|INFO|9188|main|[com.apisimulator.launcher.AbstractLaunchable.init(String[] args): implementation {title:"API Simulator",version:"1.1"}]
2019-01-25T17:34:31,890|INFO|9188|main|[com.apisimulator.launcher.AbstractLaunchable.init(String[] args): args=[-c, C:\Sudhakar\DevTools\apisimulator\apisimulator-http-1.1\bin\..\config, -s, C:\Sudhakar\DevTools\apisimulator\apisimulator-http-1.1\bin\..\./examples/response-templating\simlets, -scripts, C:\Sudhakar\DevTools\apisimulator\apisimulator-http-1.1\bin\..\./examples/response-templating\scripts, examples/response-templating]]
2019-01-25T17:34:32,252|INFO|9188|main|[com.apisimulator.config.AppConfigPrimer is priming properties...]
2019-01-25T17:34:32,253|INFO|9188|main|[com.apisimulator.config.AppConfigPrimer is looking in and under C:\Sudhakar\DevTools\apisimulator\apisimulator-http-1.1\bin\..\.\examples\response-templating\simlets]
2019-01-25T17:34:40,722|INFO|9188|main|[com.apisimulator.config.AppConfigPrimer primed 22 files in 8470.0 ms]
2019-01-25T17:34:41,505|INFO|9188|API Simulator Boss-3-1|[com.apisimulator.netty.NettySimulatorServer.start(): listening on 0.0.0.0:6090]
2019-01-25T17:34:41,506|INFO|9188|main|[com.apisimulator.launcher.AbstractLaunchable.start(): API Simulator started]
2019-01-25T17:34:41,510|INFO|9188|main|[com.apisimulator.launcher.AdminServer: listening on port #6190]
2019-01-25T17:35:54,112|ERROR|9188|API Simlet-1-1|[com.apisimulator.http.netty.NettyFullHttpRequestApiSimulationHandler.exceptionCaught(ChannelHandlerContext, Throwable): java.lang.UnsupportedOperationException: unsupported message type: DefaultFullHttpResponse (expected: ByteBuf, FileRegion)]
2019-01-25T17:35:54,235|ERROR|9188|API Simlet-1-2|[com.apisimulator.http.netty.NettyFullHttpRequestApiSimulationHandler.exceptionCaught(ChannelHandlerContext, Throwable): java.lang.UnsupportedOperationException: unsupported message type: DefaultFullHttpResponse (expected: ByteBuf, FileRegion)]
2019-01-25T17:35:54,297|ERROR|9188|API Simlet-1-3|[com.apisimulator.http.netty.NettyFullHttpRequestApiSimulationHandler.exceptionCaught(ChannelHandlerContext, Throwable): java.lang.UnsupportedOperationException: unsupported message type: DefaultFullHttpResponse (expected: ByteBuf, FileRegion)]
2019-01-25T17:35:54,345|ERROR|9188|API Simlet-1-4|[com.apisimulator.http.netty.NettyFullHttpRequestApiSimulationHandler.exceptionCaught(ChannelHandlerContext, Throwable): java.lang.UnsupportedOperationException: unsupported message type: DefaultFullHttpResponse (expected: ByteBuf, FileRegion)]
2019-01-25T17:35:54,375|ERROR|9188|API Simlet-1-5|[com.apisimulator.http.netty.NettyFullHttpRequestApiSimulationHandler.exceptionCaught(ChannelHandlerContext, Throwable): java.lang.UnsupportedOperationException: unsupported message type: DefaultFullHttpResponse (expected: ByteBuf, FileRegion)]
2019-01-25T17:35:54,461|ERROR|9188|API Simlet-1-6|[com.apisimulator.http.netty.NettyFullHttpRequestApiSimulationHandler.exceptionCaught(ChannelHandlerContext, Throwable): java.lang.UnsupportedOperationException: unsupported message type: DefaultFullHttpResponse (expected: ByteBuf, FileRegion)]
2019-01-25T17:48:57,713|ERROR|9188|API Simlet-1-1|[com.apisimulator.http.netty.NettyFullHttpRequestApiSimulationHandler.exceptionCaught(ChannelHandlerContext, Throwable): java.lang.UnsupportedOperationException: unsupported message type: DefaultFullHttpResponse (expected: ByteBuf, FileRegion)]
2019-01-25T17:48:57,749|ERROR|9188|API Simlet-1-2|[com.apisimulator.http.netty.NettyFullHttpRequestApiSimulationHandler.exceptionCaught(ChannelHandlerContext, Throwable): java.lang.UnsupportedOperationException: unsupported message type: DefaultFullHttpResponse (expected: ByteBuf, FileRegion)]
2019-01-25T17:48:57,781|ERROR|9188|API Simlet-1-3|[com.apisimulator.http.netty.NettyFullHttpRequestApiSimulationHandler.exceptionCaught(ChannelHandlerContext, Throwable): java.lang.UnsupportedOperationException: unsupported message type: DefaultFullHttpResponse (expected: ByteBuf, FileRegion)]
2019-01-25T17:48:57,818|ERROR|9188|API Simlet-1-4|[com.apisimulator.http.netty.NettyFullHttpRequestApiSimulationHandler.exceptionCaught(ChannelHandlerContext, Throwable): java.lang.UnsupportedOperationException: unsupported message type: DefaultFullHttpResponse (expected: ByteBuf, FileRegion)]
2019-01-25T17:48:57,846|ERROR|9188|API Simlet-1-5|[com.apisimulator.http.netty.NettyFullHttpRequestApiSimulationHandler.exceptionCaught(ChannelHandlerContext, Throwable): java.lang.UnsupportedOperationException: unsupported message type: DefaultFullHttpResponse (expected: ByteBuf, FileRegion)]
2019-01-25T17:48:57,864|ERROR|9188|API Simlet-1-6|[com.apisimulator.http.netty.NettyFullHttpRequestApiSimulationHandler.exceptionCaught(ChannelHandlerContext, Throwable): java.lang.UnsupportedOperationException: unsupported message type: DefaultFullHttpResponse (expected: ByteBuf, FileRegion)]
